<?xml version="1.0" encoding="UTF-8"?>
<!-- Generated by org.testng.reporters.JUnitXMLReporter -->
<testsuite ignored="0" hostname="INLEN8520065665" failures="1" tests="1" name="Surefire test" time="27.831" errors="0" timestamp="2024-11-12T14:44:03 IST">
  <testcase classname="io.cucumber.testng.AbstractTestNGCucumberTests" name="runScenario" time="27.317">
    <failure type="java.lang.NullPointerException" message="Cannot invoke &amp;quot;pageObjects.HotelSearchPage.getHotels()&amp;quot; because &amp;quot;this.hotelSearchPage&amp;quot; is null">
      <![CDATA[java.lang.NullPointerException: Cannot invoke "pageObjects.HotelSearchPage.getHotels()" because "this.hotelSearchPage" is null
at stepDefinations.HotelPageStepDefinations.user_is_on_the_goibibo_hotel_search_page(HotelPageStepDefinations.java:26)
at ✽.user is on the Goibibo hotel search page(file:///C:/Users/BHARGL/eclipse-workspace/Practice_Goibibo/src/test/java/features/HotelsPage.feature:9)
]]>
    </failure>
  </testcase> <!-- runScenario -->
</testsuite> <!-- Surefire test -->
