<?xml version="1.0" encoding="UTF-8"?>
<!-- Generated by org.testng.reporters.JUnitXMLReporter -->
<testsuite ignored="0" hostname="INLEN8520065665" failures="1" tests="1" name="Default test" time="0.463" errors="0" timestamp="2024-09-30T12:22:23 IST">
  <testcase classname="io.cucumber.testng.AbstractTestNGCucumberTests" name="runScenario" time="0.143">
    <failure type="io.cucumber.java.PendingException" message="TODO: implement me">
      <![CDATA[io.cucumber.java.PendingException: TODO: implement me
at stepDefinations.HotelPageStepDefinations.user_is_on_the_goibibo_hotel_search_page(HotelPageStepDefinations.java:12)
at ✽.user is on the Goibibo hotel search page(file:///C:/Users/BHARGL/OneDrive%20-%20Capgemini/Desktop/Goibibo/src/test/java/features/HotelsPage.feature:9)
]]>
    </failure>
  </testcase> <!-- runScenario -->
</testsuite> <!-- Default test -->
