<?xml version="1.0" encoding="UTF-8"?>
<testng-results ignored="0" total="1" passed="0" failed="1" skipped="0">
  <reporter-output>
  </reporter-output>
  <suite started-at="2024-11-12T14:43:36 IST" name="Surefire suite" finished-at="2024-11-12T14:44:03 IST" duration-ms="27831">
    <groups>
      <group name="cucumber">
        <method signature="AbstractTestNGCucumberTests.runScenario(io.cucumber.testng.PickleWrapper,io.cucumber.testng.FeatureWrapper)[pri:0, instance:cucumberOptions.TestNgRunner@f736069]" name="runScenario" class="io.cucumber.testng.AbstractTestNGCucumberTests"/>
      </group> <!-- cucumber -->
    </groups>
    <test started-at="2024-11-12T14:43:36 IST" name="Surefire test" finished-at="2024-11-12T14:44:03 IST" duration-ms="27831">
      <class name="cucumberOptions.TestNgRunner">
        <test-method is-config="true" signature="setUpClass(org.testng.ITestContext)[pri:0, instance:cucumberOptions.TestNgRunner@f736069]" started-at="2024-11-12T14:43:36 IST" name="setUpClass" finished-at="2024-11-12T14:43:36 IST" duration-ms="438" status="PASS">
          <params>
            <param index="0">
              <value>
                <![CDATA[org.testng.TestRunner@1704f67f]]>
              </value>
            </param>
          </params>
          <reporter-output>
          </reporter-output>
        </test-method> <!-- setUpClass -->
        <test-method signature="runScenario(io.cucumber.testng.PickleWrapper,io.cucumber.testng.FeatureWrapper)[pri:0, instance:cucumberOptions.TestNgRunner@f736069]" started-at="2024-11-12T14:43:36 IST" name="runScenario" description="Runs Cucumber Scenarios" data-provider="scenarios" finished-at="2024-11-12T14:44:03 IST" duration-ms="27317" status="FAIL">
          <params>
            <param index="0">
              <value>
                <![CDATA["Hotel search within India"]]>
              </value>
            </param>
            <param index="1">
              <value>
                <![CDATA["Hotel Search"]]>
              </value>
            </param>
          </params>
          <exception class="java.lang.NullPointerException">
            <message>
              <![CDATA[Cannot invoke "pageObjects.HotelSearchPage.getHotels()" because "this.hotelSearchPage" is null]]>
            </message>
            <full-stacktrace>
              <![CDATA[java.lang.NullPointerException: Cannot invoke "pageObjects.HotelSearchPage.getHotels()" because "this.hotelSearchPage" is null
at stepDefinations.HotelPageStepDefinations.user_is_on_the_goibibo_hotel_search_page(HotelPageStepDefinations.java:26)
at ✽.user is on the Goibibo hotel search page(file:///C:/Users/BHARGL/eclipse-workspace/Practice_Goibibo/src/test/java/features/HotelsPage.feature:9)
]]>
            </full-stacktrace>
          </exception> <!-- java.lang.NullPointerException -->
          <reporter-output>
          </reporter-output>
        </test-method> <!-- runScenario -->
        <test-method is-config="true" signature="tearDownClass()[pri:0, instance:cucumberOptions.TestNgRunner@f736069]" started-at="2024-11-12T14:44:03 IST" name="tearDownClass" finished-at="2024-11-12T14:44:03 IST" duration-ms="3" status="PASS">
          <reporter-output>
          </reporter-output>
        </test-method> <!-- tearDownClass -->
      </class> <!-- cucumberOptions.TestNgRunner -->
    </test> <!-- Surefire test -->
  </suite> <!-- Surefire suite -->
</testng-results>
