<?xml version="1.0" encoding="UTF-8"?>
<!-- Generated by org.testng.reporters.JUnitReportReporter -->
<testsuite hostname="INLEN8520065665" failures="0" tests="1" name="cucumberOptions.TestNgRunner" time="0.143" errors="1" timestamp="2024-09-30T12:22:23 IST" skipped="0">
  <testcase classname="cucumberOptions.TestNgRunner" name="runScenario" time="0.143">
    <error message="TODO: implement me" type="io.cucumber.java.PendingException">
      <![CDATA[io.cucumber.java.PendingException: TODO: implement me
at stepDefinations.HotelPageStepDefinations.user_is_on_the_goibibo_hotel_search_page(HotelPageStepDefinations.java:12)
at ✽.user is on the Goibibo hotel search page(file:///C:/Users/BHARGL/OneDrive%20-%20Capgemini/Desktop/Goibibo/src/test/java/features/HotelsPage.feature:9)
]]>
    </error>
  </testcase> <!-- runScenario -->
  <system-out/>
</testsuite> <!-- cucumberOptions.TestNgRunner -->
