<?xml version="1.0" encoding="UTF-8"?>
<!-- Generated by org.testng.reporters.JUnitReportReporter -->
<testsuite hostname="INLEN8520065665" failures="0" tests="1" name="cucumberOptions.TestNgRunner" time="27.317" errors="1" timestamp="2024-11-12T14:44:04 IST" skipped="0">
  <testcase classname="cucumberOptions.TestNgRunner" name="runScenario" time="27.317">
    <error message="Cannot invoke &quot;pageObjects.HotelSearchPage.getHotels()&quot; because &quot;this.hotelSearchPage&quot; is null" type="java.lang.NullPointerException">
      <![CDATA[java.lang.NullPointerException: Cannot invoke "pageObjects.HotelSearchPage.getHotels()" because "this.hotelSearchPage" is null
at stepDefinations.HotelPageStepDefinations.user_is_on_the_goibibo_hotel_search_page(HotelPageStepDefinations.java:26)
at ✽.user is on the Goibibo hotel search page(file:///C:/Users/BHARGL/eclipse-workspace/Practice_Goibibo/src/test/java/features/HotelsPage.feature:9)
]]>
    </error>
  </testcase> <!-- runScenario -->
</testsuite> <!-- cucumberOptions.TestNgRunner -->
